<?xml version="1.0" encoding="UTF-8"?>
<testsuites>
  <testsuite name="AllTests" tests="1" assertions="2" failures="0" errors="0" time="0.007501">
    <testsuite name="BlazerFTPTest" file="C:\myproj\blazerftp\test\BlazerFTPTest.php" tests="1" assertions="2" failures="0" errors="0" time="0.007501">
      <testcase name="testTransferModes" class="BlazerFTPTest" file="C:\myproj\blazerftp\test\BlazerFTPTest.php" line="15" assertions="2" time="0.007501"/>
    </testsuite>
  </testsuite>
</testsuites>
